<?xml version="1.0" encoding="UTF-8"?>
<robot generator="Robot 3.2.1 (Python 3.8.3 on win32)" generated="20200716 19:07:11.908" rpa="false">
<suite id="s1" name="Testes" source="c:\roboweek\ninjachef\testes">
<suite id="s1-s1" name="Cadastro-Usuario" source="c:\roboweek\ninjachef\testes\cadastro-usuario.robot">
<test id="s1-s1-t1" name="Cadastro Simplificado">
<kw name="Abrir sessão" library="base" type="setup">
<kw name="Open Browser" library="SeleniumLibrary">
<doc>Opens a new browser instance to the optional ``url``.</doc>
<arguments>
<arg>about:black</arg>
<arg>chrome</arg>
</arguments>
<msg timestamp="20200716 19:07:13.027" level="INFO">Opening browser 'chrome' to base url 'about:black'.</msg>
<status status="PASS" starttime="20200716 19:07:13.026" endtime="20200716 19:07:19.405"></status>
</kw>
<status status="PASS" starttime="20200716 19:07:13.026" endtime="20200716 19:07:19.406"></status>
</kw>
<kw name="Dado que acesso a página principal" library="kws">
<kw name="Go To" library="SeleniumLibrary">
<doc>Navigates the current browser window to the provided ``url``.</doc>
<arguments>
<arg>${base_url}</arg>
</arguments>
<msg timestamp="20200716 19:07:19.410" level="INFO">Opening url 'http://ninjachef-qaninja-io.umbler.net/'</msg>
<status status="PASS" starttime="20200716 19:07:19.409" endtime="20200716 19:07:21.210"></status>
</kw>
<status status="PASS" starttime="20200716 19:07:19.408" endtime="20200716 19:07:21.210"></status>
</kw>
<kw name="Quando entro com o meu e-mail&quot;tamiresdev@outlook.com&quot;" library="kws">
<kw name="Input Text" library="SeleniumLibrary">
<doc>Types the given ``text`` into the text field identified by ``locator``.</doc>
<arguments>
<arg>${CAMPOEMAIL}</arg>
<arg>${email}</arg>
</arguments>
<msg timestamp="20200716 19:07:21.214" level="INFO">Typing text 'tamiresdev@outlook.com' into text field 'id:email'.</msg>
<status status="PASS" starttime="20200716 19:07:21.213" endtime="20200716 19:07:22.017"></status>
</kw>
<kw name="Click Element" library="SeleniumLibrary">
<doc>Click the element identified by ``locator``.</doc>
<arguments>
<arg>${BOTAOQUEROCOZINHAR}</arg>
</arguments>
<msg timestamp="20200716 19:07:22.018" level="INFO">Clicking element 'css:button[type=submit]'.</msg>
<status status="PASS" starttime="20200716 19:07:22.017" endtime="20200716 19:07:22.153"></status>
</kw>
<status status="PASS" starttime="20200716 19:07:21.211" endtime="20200716 19:07:22.154"></status>
</kw>
<kw name="Então devo ser autenticado" library="kws">
<kw name="Wait Until Page Contains Element" library="SeleniumLibrary">
<doc>Waits until the element ``locator`` appears on the current page.</doc>
<arguments>
<arg>${DIV_DASH}</arg>
</arguments>
<status status="PASS" starttime="20200716 19:07:22.155" endtime="20200716 19:07:22.965"></status>
</kw>
<status status="PASS" starttime="20200716 19:07:22.155" endtime="20200716 19:07:22.966"></status>
</kw>
<kw name="Fechar sessão" library="base" type="teardown">
<kw name="Close Browser" library="SeleniumLibrary">
<doc>Closes the current browser.</doc>
<status status="PASS" starttime="20200716 19:07:22.988" endtime="20200716 19:07:25.957"></status>
</kw>
<status status="PASS" starttime="20200716 19:07:22.986" endtime="20200716 19:07:25.957"></status>
</kw>
<status status="PASS" starttime="20200716 19:07:13.024" endtime="20200716 19:07:25.959" critical="yes"></status>
</test>
<test id="s1-s1-t2" name="E-mail incorreto">
<kw name="Abrir sessão" library="base" type="setup">
<kw name="Open Browser" library="SeleniumLibrary">
<doc>Opens a new browser instance to the optional ``url``.</doc>
<arguments>
<arg>about:black</arg>
<arg>chrome</arg>
</arguments>
<msg timestamp="20200716 19:07:25.967" level="INFO">Opening browser 'chrome' to base url 'about:black'.</msg>
<status status="PASS" starttime="20200716 19:07:25.966" endtime="20200716 19:07:33.419"></status>
</kw>
<status status="PASS" starttime="20200716 19:07:25.965" endtime="20200716 19:07:33.419"></status>
</kw>
<kw name="Dado que acesso a página principal" library="kws">
<kw name="Go To" library="SeleniumLibrary">
<doc>Navigates the current browser window to the provided ``url``.</doc>
<arguments>
<arg>${base_url}</arg>
</arguments>
<msg timestamp="20200716 19:07:33.428" level="INFO">Opening url 'http://ninjachef-qaninja-io.umbler.net/'</msg>
<status status="PASS" starttime="20200716 19:07:33.427" endtime="20200716 19:07:35.389"></status>
</kw>
<status status="PASS" starttime="20200716 19:07:33.426" endtime="20200716 19:07:35.390"></status>
</kw>
<kw name="Quando entro com o meu e-mail&quot;tamiresdev.outlook.com&quot;" library="kws">
<kw name="Input Text" library="SeleniumLibrary">
<doc>Types the given ``text`` into the text field identified by ``locator``.</doc>
<arguments>
<arg>${CAMPOEMAIL}</arg>
<arg>${email}</arg>
</arguments>
<msg timestamp="20200716 19:07:35.393" level="INFO">Typing text 'tamiresdev.outlook.com' into text field 'id:email'.</msg>
<status status="PASS" starttime="20200716 19:07:35.392" endtime="20200716 19:07:36.273"></status>
</kw>
<kw name="Click Element" library="SeleniumLibrary">
<doc>Click the element identified by ``locator``.</doc>
<arguments>
<arg>${BOTAOQUEROCOZINHAR}</arg>
</arguments>
<msg timestamp="20200716 19:07:36.274" level="INFO">Clicking element 'css:button[type=submit]'.</msg>
<status status="PASS" starttime="20200716 19:07:36.274" endtime="20200716 19:07:36.404"></status>
</kw>
<status status="PASS" starttime="20200716 19:07:35.391" endtime="20200716 19:07:36.404"></status>
</kw>
<kw name="Então devo ver a mensagem &quot;Oops. Informe um email válido!&quot;" library="kws">
<kw name="Wait Until Element Contains" library="SeleniumLibrary">
<doc>Waits until the element ``locator`` contains ``text``.</doc>
<arguments>
<arg>${DIV_ALERT}</arg>
<arg>${mensagem_esperada}</arg>
</arguments>
<status status="PASS" starttime="20200716 19:07:36.407" endtime="20200716 19:07:36.478"></status>
</kw>
<status status="PASS" starttime="20200716 19:07:36.406" endtime="20200716 19:07:36.478"></status>
</kw>
<kw name="Fechar sessão" library="base" type="teardown">
<kw name="Close Browser" library="SeleniumLibrary">
<doc>Closes the current browser.</doc>
<status status="PASS" starttime="20200716 19:07:36.480" endtime="20200716 19:07:39.361"></status>
</kw>
<status status="PASS" starttime="20200716 19:07:36.479" endtime="20200716 19:07:39.361"></status>
</kw>
<status status="PASS" starttime="20200716 19:07:25.962" endtime="20200716 19:07:39.380" critical="yes"></status>
</test>
<test id="s1-s1-t3" name="E-mail não preenchido">
<kw name="Abrir sessão" library="base" type="setup">
<kw name="Open Browser" library="SeleniumLibrary">
<doc>Opens a new browser instance to the optional ``url``.</doc>
<arguments>
<arg>about:black</arg>
<arg>chrome</arg>
</arguments>
<msg timestamp="20200716 19:07:39.404" level="INFO">Opening browser 'chrome' to base url 'about:black'.</msg>
<status status="PASS" starttime="20200716 19:07:39.403" endtime="20200716 19:07:47.061"></status>
</kw>
<status status="PASS" starttime="20200716 19:07:39.402" endtime="20200716 19:07:47.062"></status>
</kw>
<kw name="Dado que acesso a página principal" library="kws">
<kw name="Go To" library="SeleniumLibrary">
<doc>Navigates the current browser window to the provided ``url``.</doc>
<arguments>
<arg>${base_url}</arg>
</arguments>
<msg timestamp="20200716 19:07:47.070" level="INFO">Opening url 'http://ninjachef-qaninja-io.umbler.net/'</msg>
<status status="PASS" starttime="20200716 19:07:47.069" endtime="20200716 19:07:48.296"></status>
</kw>
<status status="PASS" starttime="20200716 19:07:47.068" endtime="20200716 19:07:48.296"></status>
</kw>
<kw name="Quando entro com o meu e-mail&quot;${EMPTY}&quot;" library="kws">
<kw name="Input Text" library="SeleniumLibrary">
<doc>Types the given ``text`` into the text field identified by ``locator``.</doc>
<arguments>
<arg>${CAMPOEMAIL}</arg>
<arg>${email}</arg>
</arguments>
<msg timestamp="20200716 19:07:48.303" level="INFO">Typing text '' into text field 'id:email'.</msg>
<status status="PASS" starttime="20200716 19:07:48.302" endtime="20200716 19:07:48.580"></status>
</kw>
<kw name="Click Element" library="SeleniumLibrary">
<doc>Click the element identified by ``locator``.</doc>
<arguments>
<arg>${BOTAOQUEROCOZINHAR}</arg>
</arguments>
<msg timestamp="20200716 19:07:48.581" level="INFO">Clicking element 'css:button[type=submit]'.</msg>
<status status="PASS" starttime="20200716 19:07:48.580" endtime="20200716 19:07:48.703"></status>
</kw>
<status status="PASS" starttime="20200716 19:07:48.299" endtime="20200716 19:07:48.704"></status>
</kw>
<kw name="Então devo ver a mensagem &quot;Oops. Informe um email válido!&quot;" library="kws">
<kw name="Wait Until Element Contains" library="SeleniumLibrary">
<doc>Waits until the element ``locator`` contains ``text``.</doc>
<arguments>
<arg>${DIV_ALERT}</arg>
<arg>${mensagem_esperada}</arg>
</arguments>
<status status="PASS" starttime="20200716 19:07:48.707" endtime="20200716 19:07:48.753"></status>
</kw>
<status status="PASS" starttime="20200716 19:07:48.706" endtime="20200716 19:07:48.753"></status>
</kw>
<kw name="Fechar sessão" library="base" type="teardown">
<kw name="Close Browser" library="SeleniumLibrary">
<doc>Closes the current browser.</doc>
<status status="PASS" starttime="20200716 19:07:48.755" endtime="20200716 19:07:51.503"></status>
</kw>
<status status="PASS" starttime="20200716 19:07:48.754" endtime="20200716 19:07:51.503"></status>
</kw>
<status status="PASS" starttime="20200716 19:07:39.381" endtime="20200716 19:07:51.504" critical="yes"></status>
</test>
<doc>Suite dos testes de cadastro</doc>
<status status="PASS" starttime="20200716 19:07:11.983" endtime="20200716 19:07:51.507"></status>
</suite>
<suite id="s1-s2" name="Produtos" source="c:\roboweek\ninjachef\testes\produtos.robot">
<test id="s1-s2-t1" name="Novo Prato">
<kw name="Sessão de Login" library="helpers" type="setup">
<arguments>
<arg>tamiresdev@outlook.com</arg>
</arguments>
<kw name="Abrir sessão" library="base">
<kw name="Open Browser" library="SeleniumLibrary">
<doc>Opens a new browser instance to the optional ``url``.</doc>
<arguments>
<arg>about:black</arg>
<arg>chrome</arg>
</arguments>
<msg timestamp="20200716 19:07:51.532" level="INFO">Opening browser 'chrome' to base url 'about:black'.</msg>
<status status="PASS" starttime="20200716 19:07:51.531" endtime="20200716 19:07:56.622"></status>
</kw>
<status status="PASS" starttime="20200716 19:07:51.530" endtime="20200716 19:07:56.622"></status>
</kw>
<kw name="Go To" library="SeleniumLibrary">
<doc>Navigates the current browser window to the provided ``url``.</doc>
<arguments>
<arg>${base_url}</arg>
</arguments>
<msg timestamp="20200716 19:07:56.624" level="INFO">Opening url 'http://ninjachef-qaninja-io.umbler.net/'</msg>
<status status="PASS" starttime="20200716 19:07:56.623" endtime="20200716 19:07:58.168"></status>
</kw>
<kw name="Input Text" library="SeleniumLibrary">
<doc>Types the given ``text`` into the text field identified by ``locator``.</doc>
<arguments>
<arg>${CAMPOEMAIL}</arg>
<arg>${email}</arg>
</arguments>
<msg timestamp="20200716 19:07:58.169" level="INFO">Typing text 'tamiresdev@outlook.com' into text field 'id:email'.</msg>
<status status="PASS" starttime="20200716 19:07:58.169" endtime="20200716 19:07:58.876"></status>
</kw>
<kw name="Click Element" library="SeleniumLibrary">
<doc>Click the element identified by ``locator``.</doc>
<arguments>
<arg>${BOTAOQUEROCOZINHAR}</arg>
</arguments>
<msg timestamp="20200716 19:07:58.877" level="INFO">Clicking element 'css:button[type=submit]'.</msg>
<status status="PASS" starttime="20200716 19:07:58.876" endtime="20200716 19:07:58.979"></status>
</kw>
<kw name="Wait Until Page Contains Element" library="SeleniumLibrary">
<doc>Waits until the element ``locator`` appears on the current page.</doc>
<arguments>
<arg>${DIV_DASH}</arg>
</arguments>
<status status="PASS" starttime="20200716 19:07:58.979" endtime="20200716 19:08:00.147"></status>
</kw>
<status status="PASS" starttime="20200716 19:07:51.527" endtime="20200716 19:08:00.148"></status>
</kw>
<kw name="Dado que &quot;${Macarrão}&quot; é um dos meus pratos" library="kws">
<kw name="Set Test Variable" library="BuiltIn">
<doc>Makes a variable available everywhere within the scope of the current test.</doc>
<arguments>
<arg>${produto}</arg>
</arguments>
<msg timestamp="20200716 19:08:00.153" level="INFO">${produto} = {'img': 'macarrao.jpg', 'nome': 'Macarrão de Panela', 'tipo': 'Massas', 'preco': '15.00'}</msg>
<status status="PASS" starttime="20200716 19:08:00.152" endtime="20200716 19:08:00.153"></status>
</kw>
<status status="PASS" starttime="20200716 19:08:00.150" endtime="20200716 19:08:00.154"></status>
</kw>
<kw name="Quando faço o cadastro desse produto" library="kws">
<kw name="Wait Until Element Is Visible" library="SeleniumLibrary">
<doc>Waits until the element ``locator`` is visible.</doc>
<arguments>
<arg>${BOTAO_ADD}</arg>
<arg>5</arg>
</arguments>
<status status="PASS" starttime="20200716 19:08:00.157" endtime="20200716 19:08:00.286"></status>
</kw>
<kw name="Click Element" library="SeleniumLibrary">
<doc>Click the element identified by ``locator``.</doc>
<arguments>
<arg>${BOTAO_ADD}</arg>
</arguments>
<msg timestamp="20200716 19:08:00.287" level="INFO">Clicking element 'class:btn-add'.</msg>
<status status="PASS" starttime="20200716 19:08:00.287" endtime="20200716 19:08:00.668"></status>
</kw>
<kw name="Choose File" library="SeleniumLibrary">
<doc>Inputs the ``file_path`` into the file input field ``locator``.</doc>
<arguments>
<arg>${IMAGEM}</arg>
<arg>${EXECDIR}/resources/images/${produto['img']}</arg>
</arguments>
<msg timestamp="20200716 19:08:00.672" level="INFO">Sending c:\roboweek\ninjachef\resources\images\macarrao.jpg to browser.</msg>
<status status="PASS" starttime="20200716 19:08:00.669" endtime="20200716 19:08:00.843"></status>
</kw>
<kw name="Input Text" library="SeleniumLibrary">
<doc>Types the given ``text`` into the text field identified by ``locator``.</doc>
<arguments>
<arg>${CAMPO_NOME}</arg>
<arg>${produto['nome']}</arg>
</arguments>
<msg timestamp="20200716 19:08:00.848" level="INFO">Typing text 'Macarrão de Panela' into text field 'id:name'.</msg>
<status status="PASS" starttime="20200716 19:08:00.846" endtime="20200716 19:08:01.307"></status>
</kw>
<kw name="Input Text" library="SeleniumLibrary">
<doc>Types the given ``text`` into the text field identified by ``locator``.</doc>
<arguments>
<arg>${CAMPO_TIPO_PRODUTO}</arg>
<arg>${produto['tipo']}</arg>
</arguments>
<msg timestamp="20200716 19:08:01.308" level="INFO">Typing text 'Massas' into text field 'id:plate'.</msg>
<status status="PASS" starttime="20200716 19:08:01.307" endtime="20200716 19:08:01.553"></status>
</kw>
<kw name="Input Text" library="SeleniumLibrary">
<doc>Types the given ``text`` into the text field identified by ``locator``.</doc>
<arguments>
<arg>${CAMPO_TIPO_PRECO}</arg>
<arg>${produto['preco']}</arg>
</arguments>
<msg timestamp="20200716 19:08:01.555" level="INFO">Typing text '15.00' into text field 'id:price'.</msg>
<status status="PASS" starttime="20200716 19:08:01.554" endtime="20200716 19:08:01.780"></status>
</kw>
<kw name="Click Element" library="SeleniumLibrary">
<doc>Click the element identified by ``locator``.</doc>
<arguments>
<arg>${BOTAO_CADASTRAR}</arg>
</arguments>
<msg timestamp="20200716 19:08:01.780" level="INFO">Clicking element 'class:btn-cadastrar'.</msg>
<status status="PASS" starttime="20200716 19:08:01.780" endtime="20200716 19:08:01.928"></status>
</kw>
<status status="PASS" starttime="20200716 19:08:00.155" endtime="20200716 19:08:01.928"></status>
</kw>
<kw name="Então devo ver este prato no meu dashboard" library="kws">
<kw name="Wait Until Element Contains" library="SeleniumLibrary">
<doc>Waits until the element ``locator`` contains ``text``.</doc>
<arguments>
<arg>class:product-list</arg>
<arg>${produto['nome']}</arg>
</arguments>
<status status="PASS" starttime="20200716 19:08:01.942" endtime="20200716 19:08:04.947"></status>
</kw>
<status status="PASS" starttime="20200716 19:08:01.941" endtime="20200716 19:08:04.948"></status>
</kw>
<kw name="Fechar sessão" library="base" type="teardown">
<kw name="Close Browser" library="SeleniumLibrary">
<doc>Closes the current browser.</doc>
<status status="PASS" starttime="20200716 19:08:04.950" endtime="20200716 19:08:08.022"></status>
</kw>
<status status="PASS" starttime="20200716 19:08:04.949" endtime="20200716 19:08:08.022"></status>
</kw>
<status status="PASS" starttime="20200716 19:07:51.526" endtime="20200716 19:08:08.023" critical="yes"></status>
</test>
<doc>Cadastro de produtos/pratos
Sendo um cozinheiro amador
Quero cadastrar meus melhores pratos
Para que eu possa cozinha-los para outras pessoas</doc>
<status status="PASS" starttime="20200716 19:07:51.513" endtime="20200716 19:08:08.025"></status>
</suite>
<status status="PASS" starttime="20200716 19:07:11.912" endtime="20200716 19:08:08.033"></status>
</suite>
<statistics>
<total>
<stat pass="4" fail="0">Critical Tests</stat>
<stat pass="4" fail="0">All Tests</stat>
</total>
<tag>
</tag>
<suite>
<stat pass="4" fail="0" id="s1" name="Testes">Testes</stat>
<stat pass="3" fail="0" id="s1-s1" name="Cadastro-Usuario">Testes.Cadastro-Usuario</stat>
<stat pass="1" fail="0" id="s1-s2" name="Produtos">Testes.Produtos</stat>
</suite>
</statistics>
<errors>
</errors>
</robot>
